<?xml version="1.0" encoding="UTF-8" ?>
<testsuites disabled="0" errors="0" failures="3" tests="47" time="107.559">
 <testsuite name="Registering as a new associate" timestamp="2018-08-08T15:20:59" hostname="localhost" time="7.039" errors="0" tests="7" skipped="0" disabled="0" failures="1">
  <testcase classname="Registering as a new associate" name="should navigate to the login page" time="3.796" />
  <testcase classname="Registering as a new associate" name="allow user to click the register button" time="0.349" />
  <testcase classname="Registering as a new associate" name="allow associate to enter info into input fields" time="0.367" />
  <testcase classname="Registering as a new associate" name="should allow associate to click the next page button" time="0.14">
   <failure type="exception" message="Failed: No element found using locator: By(xpath, //button[contains(text(), &quot;ext&quot;)])"><![CDATA[NoSuchElementError: No element found using locator: By(xpath, //button[contains(text(), "ext")])
    at elementArrayFinder.getWebElements.then (C:\Users\andre\Projects\180618_jta\trackforce\NGTrackForce\node_modules\protractor\built\element.js:814:27)
    at ManagedPromise.invokeCallback_ (C:\Users\andre\Projects\180618_jta\trackforce\NGTrackForce\node_modules\selenium-webdriver\lib\promise.js:1376:14)
    at TaskQueue.execute_ (C:\Users\andre\Projects\180618_jta\trackforce\NGTrackForce\node_modules\selenium-webdriver\lib\promise.js:3084:14)
    at TaskQueue.executeNext_ (C:\Users\andre\Projects\180618_jta\trackforce\NGTrackForce\node_modules\selenium-webdriver\lib\promise.js:3067:27)
    at asyncRun (C:\Users\andre\Projects\180618_jta\trackforce\NGTrackForce\node_modules\selenium-webdriver\lib\promise.js:2927:27)
    at C:\Users\andre\Projects\180618_jta\trackforce\NGTrackForce\node_modules\selenium-webdriver\lib\promise.js:668:7
    at process._tickCallback (internal/process/next_tick.js:68:7)Error
    at ElementArrayFinder.applyAction_ (C:\Users\andre\Projects\180618_jta\trackforce\NGTrackForce\node_modules\protractor\built\element.js:459:27)
    at ElementArrayFinder.(anonymous function).args [as click] (C:\Users\andre\Projects\180618_jta\trackforce\NGTrackForce\node_modules\protractor\built\element.js:91:29)
    at ElementFinder.(anonymous function).args [as click] (C:\Users\andre\Projects\180618_jta\trackforce\NGTrackForce\node_modules\protractor\built\element.js:831:22)
    at RegisterAssociatePage.clickNextPageBtn (C:\Users\andre\Projects\180618_jta\trackforce\NGTrackForce\e2e\register-associate\register-associate.po.ts:65:26)
    at UserContext.<anonymous> (C:\Users\andre\Projects\180618_jta\trackforce\NGTrackForce\e2e\register-associate\register-associate.e2e-spec.ts:33:31)
    at C:\Users\andre\Projects\180618_jta\trackforce\NGTrackForce\node_modules\jasminewd2\index.js:112:25
    at new ManagedPromise (C:\Users\andre\Projects\180618_jta\trackforce\NGTrackForce\node_modules\selenium-webdriver\lib\promise.js:1077:7)
    at ControlFlow.promise (C:\Users\andre\Projects\180618_jta\trackforce\NGTrackForce\node_modules\selenium-webdriver\lib\promise.js:2505:12)
    at schedulerExecute (C:\Users\andre\Projects\180618_jta\trackforce\NGTrackForce\node_modules\jasminewd2\index.js:95:18)
    at TaskQueue.execute_ (C:\Users\andre\Projects\180618_jta\trackforce\NGTrackForce\node_modules\selenium-webdriver\lib\promise.js:3084:14)
From: Task: Run it("should allow associate to click the next page button") in control flow
    at UserContext.<anonymous> (C:\Users\andre\Projects\180618_jta\trackforce\NGTrackForce\node_modules\jasminewd2\index.js:94:19)
    at attempt (C:\Users\andre\Projects\180618_jta\trackforce\NGTrackForce\node_modules\jasmine\node_modules\jasmine-core\lib\jasmine-core\jasmine.js:4486:26)
    at QueueRunner.run (C:\Users\andre\Projects\180618_jta\trackforce\NGTrackForce\node_modules\jasmine\node_modules\jasmine-core\lib\jasmine-core\jasmine.js:4402:20)
    at QueueRunner.execute (C:\Users\andre\Projects\180618_jta\trackforce\NGTrackForce\node_modules\jasmine\node_modules\jasmine-core\lib\jasmine-core\jasmine.js:4384:10)
    at Spec.queueRunnerFactory (C:\Users\andre\Projects\180618_jta\trackforce\NGTrackForce\node_modules\jasmine\node_modules\jasmine-core\lib\jasmine-core\jasmine.js:964:35)
    at Spec.execute (C:\Users\andre\Projects\180618_jta\trackforce\NGTrackForce\node_modules\jasmine\node_modules\jasmine-core\lib\jasmine-core\jasmine.js:563:10)
    at UserContext.fn (C:\Users\andre\Projects\180618_jta\trackforce\NGTrackForce\node_modules\jasmine\node_modules\jasmine-core\lib\jasmine-core\jasmine.js:5541:37)
    at attempt (C:\Users\andre\Projects\180618_jta\trackforce\NGTrackForce\node_modules\jasmine\node_modules\jasmine-core\lib\jasmine-core\jasmine.js:4486:26)
    at QueueRunner.run (C:\Users\andre\Projects\180618_jta\trackforce\NGTrackForce\node_modules\jasmine\node_modules\jasmine-core\lib\jasmine-core\jasmine.js:4402:20)
    at runNext (C:\Users\andre\Projects\180618_jta\trackforce\NGTrackForce\node_modules\jasmine\node_modules\jasmine-core\lib\jasmine-core\jasmine.js:4446:20)
From asynchronous test: 
Error
    at Suite.<anonymous> (C:\Users\andre\Projects\180618_jta\trackforce\NGTrackForce\e2e\register-associate\register-associate.e2e-spec.ts:32:5)
    at addSpecsToSuite (C:\Users\andre\Projects\180618_jta\trackforce\NGTrackForce\node_modules\jasmine\node_modules\jasmine-core\lib\jasmine-core\jasmine.js:1181:25)
    at Env.describe (C:\Users\andre\Projects\180618_jta\trackforce\NGTrackForce\node_modules\jasmine\node_modules\jasmine-core\lib\jasmine-core\jasmine.js:1145:7)
    at describe (C:\Users\andre\Projects\180618_jta\trackforce\NGTrackForce\node_modules\jasmine\node_modules\jasmine-core\lib\jasmine-core\jasmine.js:4593:18)
    at Object.<anonymous> (C:\Users\andre\Projects\180618_jta\trackforce\NGTrackForce\e2e\register-associate\register-associate.e2e-spec.ts:7:1)
    at Module._compile (internal/modules/cjs/loader.js:689:30)
    at Module.m._compile (C:\Users\andre\Projects\180618_jta\trackforce\NGTrackForce\node_modules\ts-node\src\index.ts:422:23)
    at Module._extensions..js (internal/modules/cjs/loader.js:700:10)
    at Object.require.extensions.(anonymous function) [as .ts] (C:\Users\andre\Projects\180618_jta\trackforce\NGTrackForce\node_modules\ts-node\src\index.ts:425:12)]]>
   </failure>
  </testcase>
  <testcase classname="Registering as a new associate" name="should allow associate to enter first and last name" time="0.252" />
  <testcase classname="Registering as a new associate" name="should allow associate to register as an associate by clicking register button" time="0.146" />
  <testcase classname="Registering as a new associate" name="exit browser" time="1.98" />
 </testsuite>
 <testsuite name="login page element existences" timestamp="2018-08-08T15:21:06" hostname="localhost" time="2.436" errors="0" tests="6" skipped="0" disabled="0" failures="0">
  <testcase classname="login page element existences" name="should have a username input box" time="0.004" />
  <testcase classname="login page element existences" name="should have a password input box" time="0.004" />
  <testcase classname="login page element existences" name="should have a login button" time="0.001" />
  <testcase classname="login page element existences" name="should display proper placeholder: Username" time="0.049" />
  <testcase classname="login page element existences" name="should display proper placeholder: Password" time="0.053" />
  <testcase classname="login page element existences" name="should display proper value for button" time="0.089" />
 </testsuite>
 <testsuite name="Confirm login failures" timestamp="2018-08-08T15:21:09" hostname="localhost" time="2.753" errors="0" tests="2" skipped="0" disabled="0" failures="0">
  <testcase classname="Confirm login failures" name="should fail to log in when nothing is entered" time="0.177" />
  <testcase classname="Confirm login failures" name="should fail to login when incorrect credentials are entered" time="0.472" />
 </testsuite>
 <testsuite name="confirm login navigation" timestamp="2018-08-08T15:21:12" hostname="localhost" time="3.067" errors="0" tests="1" skipped="0" disabled="0" failures="0">
  <testcase classname="confirm login navigation" name="should reach the index page" time="0.837" />
 </testsuite>
 <testsuite name="navbar functionality" timestamp="2018-08-08T15:21:15" hostname="localhost" time="36.999" errors="0" tests="6" skipped="0" disabled="0" failures="0">
  <testcase classname="navbar functionality" name="should navigate to home page" time="11.657" />
  <testcase classname="navbar functionality" name="should navigate to client list page" time="8.389" />
  <testcase classname="navbar functionality" name="should navigate to batch list page" time="7.41" />
  <testcase classname="navbar functionality" name="should navigate to associate lising" time="8.942" />
  <testcase classname="navbar functionality" name="should navigate to predictions" time="0.446" />
  <testcase classname="navbar functionality" name="should navigate to create user" time="0.14" />
 </testsuite>
 <testsuite name="create-user page input and button fields" timestamp="2018-08-08T15:21:52" hostname="localhost" time="1.108" errors="0" tests="8" skipped="0" disabled="0" failures="0">
  <testcase classname="create-user page input and button fields" name="should accept username input" time="0.138" />
  <testcase classname="create-user page input and button fields" name="should accept password input" time="0.168" />
  <testcase classname="create-user page input and button fields" name="should accept password confirmation input" time="0.167" />
  <testcase classname="create-user page input and button fields" name="should select admin radio button" time="0.142" />
  <testcase classname="create-user page input and button fields" name="should select trainer radio button" time="0.138" />
  <testcase classname="create-user page input and button fields" name="should select associate radio button" time="0.113" />
  <testcase classname="create-user page input and button fields" name="should select staging manager radio button" time="0.117" />
  <testcase classname="create-user page input and button fields" name="should select delivery radio button" time="0.12" />
 </testsuite>
 <testsuite name="When entering valid data into predictions filter it" timestamp="2018-08-08T15:21:53" hostname="localhost" time="9.712" errors="0" tests="5" skipped="0" disabled="0" failures="1">
  <testcase classname="When entering valid data into predictions filter it" name="should navigate to the predictions page" time="2.969" />
  <testcase classname="When entering valid data into predictions filter it" name="should allow user to input valid data" time="0.731" />
  <testcase classname="When entering valid data into predictions filter it" name="should provide a table with predictions" time="0.002" />
  <testcase classname="When entering valid data into predictions filter it" name="should provide the same number of rows entered into the filter" time="5.972" />
  <testcase classname="When entering valid data into predictions filter it" name="should provide details when the details button is pressed" time="0.035">
   <failure type="exception" message="Failed: No element found using locator: By(xpath, //button[@name=&quot;getDetailsBtn&quot;])"><![CDATA[NoSuchElementError: No element found using locator: By(xpath, //button[@name="getDetailsBtn"])
    at elementArrayFinder.getWebElements.then (C:\Users\andre\Projects\180618_jta\trackforce\NGTrackForce\node_modules\protractor\built\element.js:814:27)
    at ManagedPromise.invokeCallback_ (C:\Users\andre\Projects\180618_jta\trackforce\NGTrackForce\node_modules\selenium-webdriver\lib\promise.js:1376:14)
    at TaskQueue.execute_ (C:\Users\andre\Projects\180618_jta\trackforce\NGTrackForce\node_modules\selenium-webdriver\lib\promise.js:3084:14)
    at TaskQueue.executeNext_ (C:\Users\andre\Projects\180618_jta\trackforce\NGTrackForce\node_modules\selenium-webdriver\lib\promise.js:3067:27)
    at asyncRun (C:\Users\andre\Projects\180618_jta\trackforce\NGTrackForce\node_modules\selenium-webdriver\lib\promise.js:2927:27)
    at C:\Users\andre\Projects\180618_jta\trackforce\NGTrackForce\node_modules\selenium-webdriver\lib\promise.js:668:7
    at process._tickCallback (internal/process/next_tick.js:68:7)Error
    at ElementArrayFinder.applyAction_ (C:\Users\andre\Projects\180618_jta\trackforce\NGTrackForce\node_modules\protractor\built\element.js:459:27)
    at ElementArrayFinder.(anonymous function).args [as click] (C:\Users\andre\Projects\180618_jta\trackforce\NGTrackForce\node_modules\protractor\built\element.js:91:29)
    at ElementFinder.(anonymous function).args [as click] (C:\Users\andre\Projects\180618_jta\trackforce\NGTrackForce\node_modules\protractor\built\element.js:831:22)
    at UserContext.<anonymous> (C:\Users\andre\Projects\180618_jta\trackforce\NGTrackForce\e2e\predictions\predictions.e2e-spec.ts:45:36)
    at C:\Users\andre\Projects\180618_jta\trackforce\NGTrackForce\node_modules\jasminewd2\index.js:112:25
    at new ManagedPromise (C:\Users\andre\Projects\180618_jta\trackforce\NGTrackForce\node_modules\selenium-webdriver\lib\promise.js:1077:7)
    at ControlFlow.promise (C:\Users\andre\Projects\180618_jta\trackforce\NGTrackForce\node_modules\selenium-webdriver\lib\promise.js:2505:12)
    at schedulerExecute (C:\Users\andre\Projects\180618_jta\trackforce\NGTrackForce\node_modules\jasminewd2\index.js:95:18)
    at TaskQueue.execute_ (C:\Users\andre\Projects\180618_jta\trackforce\NGTrackForce\node_modules\selenium-webdriver\lib\promise.js:3084:14)
    at TaskQueue.executeNext_ (C:\Users\andre\Projects\180618_jta\trackforce\NGTrackForce\node_modules\selenium-webdriver\lib\promise.js:3067:27)
From: Task: Run it("should provide details when the details button is pressed") in control flow
    at UserContext.<anonymous> (C:\Users\andre\Projects\180618_jta\trackforce\NGTrackForce\node_modules\jasminewd2\index.js:94:19)
    at attempt (C:\Users\andre\Projects\180618_jta\trackforce\NGTrackForce\node_modules\jasmine\node_modules\jasmine-core\lib\jasmine-core\jasmine.js:4486:26)
    at QueueRunner.run (C:\Users\andre\Projects\180618_jta\trackforce\NGTrackForce\node_modules\jasmine\node_modules\jasmine-core\lib\jasmine-core\jasmine.js:4402:20)
    at QueueRunner.execute (C:\Users\andre\Projects\180618_jta\trackforce\NGTrackForce\node_modules\jasmine\node_modules\jasmine-core\lib\jasmine-core\jasmine.js:4384:10)
    at Spec.queueRunnerFactory (C:\Users\andre\Projects\180618_jta\trackforce\NGTrackForce\node_modules\jasmine\node_modules\jasmine-core\lib\jasmine-core\jasmine.js:964:35)
    at Spec.execute (C:\Users\andre\Projects\180618_jta\trackforce\NGTrackForce\node_modules\jasmine\node_modules\jasmine-core\lib\jasmine-core\jasmine.js:563:10)
    at UserContext.fn (C:\Users\andre\Projects\180618_jta\trackforce\NGTrackForce\node_modules\jasmine\node_modules\jasmine-core\lib\jasmine-core\jasmine.js:5541:37)
    at attempt (C:\Users\andre\Projects\180618_jta\trackforce\NGTrackForce\node_modules\jasmine\node_modules\jasmine-core\lib\jasmine-core\jasmine.js:4486:26)
    at QueueRunner.run (C:\Users\andre\Projects\180618_jta\trackforce\NGTrackForce\node_modules\jasmine\node_modules\jasmine-core\lib\jasmine-core\jasmine.js:4402:20)
    at runNext (C:\Users\andre\Projects\180618_jta\trackforce\NGTrackForce\node_modules\jasmine\node_modules\jasmine-core\lib\jasmine-core\jasmine.js:4446:20)
From asynchronous test: 
Error
    at Suite.<anonymous> (C:\Users\andre\Projects\180618_jta\trackforce\NGTrackForce\e2e\predictions\predictions.e2e-spec.ts:44:5)
    at addSpecsToSuite (C:\Users\andre\Projects\180618_jta\trackforce\NGTrackForce\node_modules\jasmine\node_modules\jasmine-core\lib\jasmine-core\jasmine.js:1181:25)
    at Env.describe (C:\Users\andre\Projects\180618_jta\trackforce\NGTrackForce\node_modules\jasmine\node_modules\jasmine-core\lib\jasmine-core\jasmine.js:1145:7)
    at describe (C:\Users\andre\Projects\180618_jta\trackforce\NGTrackForce\node_modules\jasmine\node_modules\jasmine-core\lib\jasmine-core\jasmine.js:4593:18)
    at Object.<anonymous> (C:\Users\andre\Projects\180618_jta\trackforce\NGTrackForce\e2e\predictions\predictions.e2e-spec.ts:7:1)
    at Module._compile (internal/modules/cjs/loader.js:689:30)
    at Module.m._compile (C:\Users\andre\Projects\180618_jta\trackforce\NGTrackForce\node_modules\ts-node\src\index.ts:422:23)
    at Module._extensions..js (internal/modules/cjs/loader.js:700:10)
    at Object.require.extensions.(anonymous function) [as .ts] (C:\Users\andre\Projects\180618_jta\trackforce\NGTrackForce\node_modules\ts-node\src\index.ts:425:12)]]>
   </failure>
  </testcase>
 </testsuite>
 <testsuite name="When entering valid data using all filters it" timestamp="2018-08-08T15:22:02" hostname="localhost" time="14.987" errors="0" tests="4" skipped="0" disabled="0" failures="1">
  <testcase classname="When entering valid data using all filters it" name="should navigate to the predictions page" time="7.832" />
  <testcase classname="When entering valid data using all filters it" name="should allow a user to input valid data and use all filters" time="1.265" />
  <testcase classname="When entering valid data using all filters it" name="should provide the same number of rows entered into the filter" time="5.862" />
  <testcase classname="When entering valid data using all filters it" name="should provide details when the details button is pressed" time="0.028">
   <failure type="exception" message="Failed: No element found using locator: By(xpath, //button[@name=&quot;getDetailsBtn&quot;])"><![CDATA[NoSuchElementError: No element found using locator: By(xpath, //button[@name="getDetailsBtn"])
    at elementArrayFinder.getWebElements.then (C:\Users\andre\Projects\180618_jta\trackforce\NGTrackForce\node_modules\protractor\built\element.js:814:27)
    at ManagedPromise.invokeCallback_ (C:\Users\andre\Projects\180618_jta\trackforce\NGTrackForce\node_modules\selenium-webdriver\lib\promise.js:1376:14)
    at TaskQueue.execute_ (C:\Users\andre\Projects\180618_jta\trackforce\NGTrackForce\node_modules\selenium-webdriver\lib\promise.js:3084:14)
    at TaskQueue.executeNext_ (C:\Users\andre\Projects\180618_jta\trackforce\NGTrackForce\node_modules\selenium-webdriver\lib\promise.js:3067:27)
    at asyncRun (C:\Users\andre\Projects\180618_jta\trackforce\NGTrackForce\node_modules\selenium-webdriver\lib\promise.js:2927:27)
    at C:\Users\andre\Projects\180618_jta\trackforce\NGTrackForce\node_modules\selenium-webdriver\lib\promise.js:668:7
    at process._tickCallback (internal/process/next_tick.js:68:7)Error
    at ElementArrayFinder.applyAction_ (C:\Users\andre\Projects\180618_jta\trackforce\NGTrackForce\node_modules\protractor\built\element.js:459:27)
    at ElementArrayFinder.(anonymous function).args [as click] (C:\Users\andre\Projects\180618_jta\trackforce\NGTrackForce\node_modules\protractor\built\element.js:91:29)
    at ElementFinder.(anonymous function).args [as click] (C:\Users\andre\Projects\180618_jta\trackforce\NGTrackForce\node_modules\protractor\built\element.js:831:22)
    at UserContext.<anonymous> (C:\Users\andre\Projects\180618_jta\trackforce\NGTrackForce\e2e\predictions\predictions.e2e-spec.ts:82:36)
    at C:\Users\andre\Projects\180618_jta\trackforce\NGTrackForce\node_modules\jasminewd2\index.js:112:25
    at new ManagedPromise (C:\Users\andre\Projects\180618_jta\trackforce\NGTrackForce\node_modules\selenium-webdriver\lib\promise.js:1077:7)
    at ControlFlow.promise (C:\Users\andre\Projects\180618_jta\trackforce\NGTrackForce\node_modules\selenium-webdriver\lib\promise.js:2505:12)
    at schedulerExecute (C:\Users\andre\Projects\180618_jta\trackforce\NGTrackForce\node_modules\jasminewd2\index.js:95:18)
    at TaskQueue.execute_ (C:\Users\andre\Projects\180618_jta\trackforce\NGTrackForce\node_modules\selenium-webdriver\lib\promise.js:3084:14)
    at TaskQueue.executeNext_ (C:\Users\andre\Projects\180618_jta\trackforce\NGTrackForce\node_modules\selenium-webdriver\lib\promise.js:3067:27)
From: Task: Run it("should provide details when the details button is pressed") in control flow
    at UserContext.<anonymous> (C:\Users\andre\Projects\180618_jta\trackforce\NGTrackForce\node_modules\jasminewd2\index.js:94:19)
    at attempt (C:\Users\andre\Projects\180618_jta\trackforce\NGTrackForce\node_modules\jasmine\node_modules\jasmine-core\lib\jasmine-core\jasmine.js:4486:26)
    at QueueRunner.run (C:\Users\andre\Projects\180618_jta\trackforce\NGTrackForce\node_modules\jasmine\node_modules\jasmine-core\lib\jasmine-core\jasmine.js:4402:20)
    at QueueRunner.execute (C:\Users\andre\Projects\180618_jta\trackforce\NGTrackForce\node_modules\jasmine\node_modules\jasmine-core\lib\jasmine-core\jasmine.js:4384:10)
    at Spec.queueRunnerFactory (C:\Users\andre\Projects\180618_jta\trackforce\NGTrackForce\node_modules\jasmine\node_modules\jasmine-core\lib\jasmine-core\jasmine.js:964:35)
    at Spec.execute (C:\Users\andre\Projects\180618_jta\trackforce\NGTrackForce\node_modules\jasmine\node_modules\jasmine-core\lib\jasmine-core\jasmine.js:563:10)
    at UserContext.fn (C:\Users\andre\Projects\180618_jta\trackforce\NGTrackForce\node_modules\jasmine\node_modules\jasmine-core\lib\jasmine-core\jasmine.js:5541:37)
    at attempt (C:\Users\andre\Projects\180618_jta\trackforce\NGTrackForce\node_modules\jasmine\node_modules\jasmine-core\lib\jasmine-core\jasmine.js:4486:26)
    at QueueRunner.run (C:\Users\andre\Projects\180618_jta\trackforce\NGTrackForce\node_modules\jasmine\node_modules\jasmine-core\lib\jasmine-core\jasmine.js:4402:20)
    at runNext (C:\Users\andre\Projects\180618_jta\trackforce\NGTrackForce\node_modules\jasmine\node_modules\jasmine-core\lib\jasmine-core\jasmine.js:4446:20)
From asynchronous test: 
Error
    at Suite.<anonymous> (C:\Users\andre\Projects\180618_jta\trackforce\NGTrackForce\e2e\predictions\predictions.e2e-spec.ts:81:5)
    at addSpecsToSuite (C:\Users\andre\Projects\180618_jta\trackforce\NGTrackForce\node_modules\jasmine\node_modules\jasmine-core\lib\jasmine-core\jasmine.js:1181:25)
    at Env.describe (C:\Users\andre\Projects\180618_jta\trackforce\NGTrackForce\node_modules\jasmine\node_modules\jasmine-core\lib\jasmine-core\jasmine.js:1145:7)
    at describe (C:\Users\andre\Projects\180618_jta\trackforce\NGTrackForce\node_modules\jasmine\node_modules\jasmine-core\lib\jasmine-core\jasmine.js:4593:18)
    at Object.<anonymous> (C:\Users\andre\Projects\180618_jta\trackforce\NGTrackForce\e2e\predictions\predictions.e2e-spec.ts:50:1)
    at Module._compile (internal/modules/cjs/loader.js:689:30)
    at Module.m._compile (C:\Users\andre\Projects\180618_jta\trackforce\NGTrackForce\node_modules\ts-node\src\index.ts:422:23)
    at Module._extensions..js (internal/modules/cjs/loader.js:700:10)
    at Object.require.extensions.(anonymous function) [as .ts] (C:\Users\andre\Projects\180618_jta\trackforce\NGTrackForce\node_modules\ts-node\src\index.ts:425:12)]]>
   </failure>
  </testcase>
 </testsuite>
 <testsuite name="When I enter a start date that is more current than the end date it" timestamp="2018-08-08T15:22:17" hostname="localhost" time="14.654" errors="0" tests="4" skipped="0" disabled="0" failures="0">
  <testcase classname="When I enter a start date that is more current than the end date it" name="should navigate to the predictions page" time="7.845" />
  <testcase classname="When I enter a start date that is more current than the end date it" name="should allow user to input a start date that is more current than the end date" time="0.741" />
  <testcase classname="When I enter a start date that is more current than the end date it" name="should yield 0 associates" time="6.014" />
  <testcase classname="When I enter a start date that is more current than the end date it" name="should have a negative amount in Difference" time="0.053" />
 </testsuite>
 <testsuite name="When I enter a very large numeric input it" timestamp="2018-08-08T15:22:32" hostname="localhost" time="14.804" errors="0" tests="4" skipped="0" disabled="0" failures="0">
  <testcase classname="When I enter a very large numeric input it" name="should navigate to the predictions page" time="7.728" />
  <testcase classname="When I enter a very large numeric input it" name="should allow user to input a very large number" time="0.947" />
  <testcase classname="When I enter a very large numeric input it" name="should yield some associates" time="6.082" />
  <testcase classname="When I enter a very large numeric input it" name="should have a negative amount in Difference" time="0.046" />
 </testsuite>
</testsuites>